<?xml version="1.0" encoding="UTF-8"?>
<!-- Generated by org.testng.reporters.JUnitXMLReporter -->
<testsuite hostname="DESKTOP-3CGV4TH" ignored="0" name="Default test" tests="6" failures="0" timestamp="2020-03-26T22:43:00 EET" time="54.596" errors="0">
  <testcase name="openreg" time="13.119" classname="tests.CheckoutTest"/>
  <testcase name="searchprod" time="10.175" classname="tests.CheckoutTest"/>
  <testcase name="addtocart" time="2.288" classname="tests.CheckoutTest"/>
  <testcase name="gotocart" time="3.1" classname="tests.CheckoutTest"/>
  <testcase name="check" time="6.558" classname="tests.CheckoutTest"/>
  <testcase name="checkout" time="19.206" classname="tests.CheckoutTest"/>
</testsuite> <!-- Default test -->
